2024-07-14 19:28:17,359 [INFO    ] __main__: jax.local_devices(): [CpuDevice(id=0)]
2024-07-14 19:28:17,360 [INFO    ] __main__: selecting devices: [CpuDevice(id=0)]
2024-07-14 19:28:17,360 [INFO    ] __main__: JAX found 1 devices
2024-07-14 19:28:29,006 [INFO    ] __main__: policy: [[8.813e-19 3.644e-13 4.617e-12 1.000e+00 4.144e-16 2.361e-13 8.050e-17]]
value: [0.944]
2024-07-14 19:28:43,637 [INFO    ] __main__: policy: [[1.920e-17 3.423e-11 3.708e-12 1.000e+00 2.448e-14 9.361e-09 4.185e-21]]
value: [0.933]
2024-07-14 19:28:52,237 [INFO    ] __main__: policy: [[1.401e-11 2.311e-15 1.160e-16 1.000e+00 3.398e-18 4.693e-14 3.181e-19]]
value: [0.94]
2024-07-14 19:29:01,518 [INFO    ] __main__: policy: [[2.513e-14 9.387e-07 3.461e-01 0.000e+00 6.539e-01 9.913e-12 2.261e-18]]
value: [0.94]
2024-07-14 19:29:12,317 [INFO    ] __main__: policy: [[9.659e-20 1.000e+00 3.707e-18 0.000e+00 3.303e-16 1.318e-17 2.543e-18]]
value: [0.938]
2024-07-14 19:29:20,588 [INFO    ] __main__: policy: [[1.192e-21 5.446e-19 1.000e+00 0.000e+00 4.261e-19 9.325e-16 7.414e-24]]
value: [0.965]
2024-07-14 19:29:31,360 [INFO    ] __main__: policy: [[3.063e-20 7.965e-18 1.000e+00 0.000e+00 4.019e-17 1.479e-19 2.003e-19]]
value: [0.926]
2024-07-14 19:29:39,698 [INFO    ] __main__: policy: [[1.112e-16 2.519e-12 4.205e-17 0.000e+00 1.000e+00 1.361e-11 1.014e-17]]
value: [0.972]
2024-07-14 19:30:01,008 [INFO    ] __main__: policy: [[1.000e+00 4.189e-18 1.079e-18 0.000e+00 3.783e-19 3.738e-21 8.111e-20]]
value: [0.892]
2024-07-14 19:30:13,846 [INFO    ] __main__: policy: [[6.843e-18 3.787e-17 6.809e-18 0.000e+00 1.000e+00 5.268e-18 3.894e-18]]
value: [0.976]
2024-07-14 19:30:22,380 [INFO    ] __main__: policy: [[2.168e-06 8.402e-18 6.107e-20 0.000e+00 1.000e+00 1.071e-17 1.722e-19]]
value: [0.974]
2024-07-14 19:30:40,334 [INFO    ] __main__: policy: [[3.737e-18 1.583e-17 2.551e-19 0.000e+00 4.440e-18 1.000e+00 2.251e-19]]
value: [0.992]
2024-07-14 19:30:49,933 [INFO    ] __main__: policy: [[1.437e-04 2.190e-02 1.185e-17 0.000e+00 6.270e-16 9.780e-01 3.090e-18]]
value: [0.963]
2024-07-14 19:31:23,870 [INFO    ] __main__: policy: [[6.488e-06 2.424e-14 2.809e-05 0.000e+00 9.924e-01 1.484e-07 7.595e-03]]
value: [0.997]
2024-07-14 19:31:41,941 [INFO    ] __main__: policy: [[4.421e-04 9.121e-02 3.116e-17 0.000e+00 0.000e+00 8.110e-18 9.083e-01]]
value: [0.992]
2024-07-14 19:32:10,218 [INFO    ] __main__: policy: [[2.096e-01 6.471e-01 5.522e-02 0.000e+00 0.000e+00 8.811e-02 3.022e-19]]
value: [0.991]
2024-07-14 19:32:24,817 [INFO    ] __main__: policy: [[1.183e-01 2.362e-01 3.979e-01 0.000e+00 0.000e+00 2.477e-01 7.426e-19]]
value: [0.997]
2024-07-14 19:32:35,038 [INFO    ] __main__: policy: [[2.068e-01 0.000e+00 0.000e+00 0.000e+00 0.000e+00 7.932e-01 6.682e-19]]
value: [0.996]
2024-07-14 19:33:38,931 [INFO    ] __main__: policy: [[1.00e+00 0.00e+00 0.00e+00 0.00e+00 0.00e+00 0.00e+00 1.82e-22]]
value: [0.997]
2024-07-14 19:33:50,413 [INFO    ] __main__: policy: [[1.000e+00 0.000e+00 0.000e+00 0.000e+00 0.000e+00 0.000e+00 1.807e-22]]
value: [0.996]
2024-07-14 19:34:00,942 [INFO    ] __main__: policy: [[0. 0. 0. 0. 0. 0. 1.]]
value: [0.999]
2024-07-15 10:09:50,740 [INFO    ] __main__: jax.local_devices(): [cuda(id=0)]
2024-07-15 10:09:50,740 [INFO    ] __main__: selecting devices: [cuda(id=0)]
2024-07-15 10:09:50,740 [INFO    ] __main__: JAX found 1 devices
2024-07-15 10:09:52,639 [DEBUG   ] __main__: 

                                                                AlphaZeroNet Summary                                                                
┏━━━━━━━━━━━━━━━━━━━━━━━━━━━━━━┳━━━━━━━━━━━━━━━━┳━━━━━━━━━━━━━━━━━━━━━┳━━━━━━━━━━━━━━━━━━━┳━━━━━━━┳━━━━━━━━━━━━━━━━━━━┳━━━━━━━━━━━━━━━━━━━━━━━━━━━━┓
┃ path                         ┃ module         ┃ inputs              ┃ outputs           ┃ flops ┃ batch_stats       ┃ params                     ┃
┡━━━━━━━━━━━━━━━━━━━━━━━━━━━━━━╇━━━━━━━━━━━━━━━━╇━━━━━━━━━━━━━━━━━━━━━╇━━━━━━━━━━━━━━━━━━━╇━━━━━━━╇━━━━━━━━━━━━━━━━━━━╇━━━━━━━━━━━━━━━━━━━━━━━━━━━━┩
│                              │ AlphaZeroNet   │ - float32[1,6,7,2]  │ - float32[1,7]    │ 0     │                   │                            │
│                              │                │ - train: False      │ - float32[1]      │       │                   │                            │
├──────────────────────────────┼────────────────┼─────────────────────┼───────────────────┼───────┼───────────────────┼────────────────────────────┤
│ _ConvBlock_0                 │ _ConvBlock     │ - float32[1,6,7,2]  │ float32[1,6,7,64] │ 0     │                   │                            │
│                              │                │ - False             │                   │       │                   │                            │
├──────────────────────────────┼────────────────┼─────────────────────┼───────────────────┼───────┼───────────────────┼────────────────────────────┤
│ _ConvBlock_0/Conv_0          │ Conv           │ float32[1,6,7,2]    │ float32[1,6,7,64] │ 0     │                   │ bias: float32[64]          │
│                              │                │                     │                   │       │                   │ kernel: float32[3,3,2,64]  │
│                              │                │                     │                   │       │                   │                            │
│                              │                │                     │                   │       │                   │ 1,216 (4.9 KB)             │
├──────────────────────────────┼────────────────┼─────────────────────┼───────────────────┼───────┼───────────────────┼────────────────────────────┤
│ _ConvBlock_0/BatchNorm_0     │ BatchNorm      │ float32[1,6,7,64]   │ float32[1,6,7,64] │ 0     │ mean: float32[64] │ bias: float32[64]          │
│                              │                │                     │                   │       │ var: float32[64]  │ scale: float32[64]         │
│                              │                │                     │                   │       │                   │                            │
│                              │                │                     │                   │       │ 128 (512 B)       │ 128 (512 B)                │
├──────────────────────────────┼────────────────┼─────────────────────┼───────────────────┼───────┼───────────────────┼────────────────────────────┤
│ _ResidualBlock_0             │ _ResidualBlock │ - float32[1,6,7,64] │ float32[1,6,7,64] │ 0     │                   │                            │
│                              │                │ - False             │                   │       │                   │                            │
├──────────────────────────────┼────────────────┼─────────────────────┼───────────────────┼───────┼───────────────────┼────────────────────────────┤
│ _ResidualBlock_0/Conv_0      │ Conv           │ float32[1,6,7,64]   │ float32[1,6,7,64] │ 0     │                   │ bias: float32[64]          │
│                              │                │                     │                   │       │                   │ kernel: float32[3,3,64,64] │
│                              │                │                     │                   │       │                   │                            │
│                              │                │                     │                   │       │                   │ 36,928 (147.7 KB)          │
├──────────────────────────────┼────────────────┼─────────────────────┼───────────────────┼───────┼───────────────────┼────────────────────────────┤
│ _ResidualBlock_0/BatchNorm_0 │ BatchNorm      │ float32[1,6,7,64]   │ float32[1,6,7,64] │ 0     │ mean: float32[64] │ bias: float32[64]          │
│                              │                │                     │                   │       │ var: float32[64]  │ scale: float32[64]         │
│                              │                │                     │                   │       │                   │                            │
│                              │                │                     │                   │       │ 128 (512 B)       │ 128 (512 B)                │
├──────────────────────────────┼────────────────┼─────────────────────┼───────────────────┼───────┼───────────────────┼────────────────────────────┤
│ _ResidualBlock_0/Conv_1      │ Conv           │ float32[1,6,7,64]   │ float32[1,6,7,64] │ 0     │                   │ bias: float32[64]          │
│                              │                │                     │                   │       │                   │ kernel: float32[3,3,64,64] │
│                              │                │                     │                   │       │                   │                            │
│                              │                │                     │                   │       │                   │ 36,928 (147.7 KB)          │
├──────────────────────────────┼────────────────┼─────────────────────┼───────────────────┼───────┼───────────────────┼────────────────────────────┤
│ _ResidualBlock_0/BatchNorm_1 │ BatchNorm      │ float32[1,6,7,64]   │ float32[1,6,7,64] │ 0     │ mean: float32[64] │ bias: float32[64]          │
│                              │                │                     │                   │       │ var: float32[64]  │ scale: float32[64]         │
│                              │                │                     │                   │       │                   │                            │
│                              │                │                     │                   │       │ 128 (512 B)       │ 128 (512 B)                │
├──────────────────────────────┼────────────────┼─────────────────────┼───────────────────┼───────┼───────────────────┼────────────────────────────┤
│ _ResidualBlock_1             │ _ResidualBlock │ - float32[1,6,7,64] │ float32[1,6,7,64] │ 0     │                   │                            │
│                              │                │ - False             │                   │       │                   │                            │
├──────────────────────────────┼────────────────┼─────────────────────┼───────────────────┼───────┼───────────────────┼────────────────────────────┤
│ _ResidualBlock_1/Conv_0      │ Conv           │ float32[1,6,7,64]   │ float32[1,6,7,64] │ 0     │                   │ bias: float32[64]          │
│                              │                │                     │                   │       │                   │ kernel: float32[3,3,64,64] │
│                              │                │                     │                   │       │                   │                            │
│                              │                │                     │                   │       │                   │ 36,928 (147.7 KB)          │
├──────────────────────────────┼────────────────┼─────────────────────┼───────────────────┼───────┼───────────────────┼────────────────────────────┤
│ _ResidualBlock_1/BatchNorm_0 │ BatchNorm      │ float32[1,6,7,64]   │ float32[1,6,7,64] │ 0     │ mean: float32[64] │ bias: float32[64]          │
│                              │                │                     │                   │       │ var: float32[64]  │ scale: float32[64]         │
│                              │                │                     │                   │       │                   │                            │
│                              │                │                     │                   │       │ 128 (512 B)       │ 128 (512 B)                │
├──────────────────────────────┼────────────────┼─────────────────────┼───────────────────┼───────┼───────────────────┼────────────────────────────┤
│ _ResidualBlock_1/Conv_1      │ Conv           │ float32[1,6,7,64]   │ float32[1,6,7,64] │ 0     │                   │ bias: float32[64]          │
│                              │                │                     │                   │       │                   │ kernel: float32[3,3,64,64] │
│                              │                │                     │                   │       │                   │                            │
│                              │                │                     │                   │       │                   │ 36,928 (147.7 KB)          │
├──────────────────────────────┼────────────────┼─────────────────────┼───────────────────┼───────┼───────────────────┼────────────────────────────┤
│ _ResidualBlock_1/BatchNorm_1 │ BatchNorm      │ float32[1,6,7,64]   │ float32[1,6,7,64] │ 0     │ mean: float32[64] │ bias: float32[64]          │
│                              │                │                     │                   │       │ var: float32[64]  │ scale: float32[64]         │
│                              │                │                     │                   │       │                   │                            │
│                              │                │                     │                   │       │ 128 (512 B)       │ 128 (512 B)                │
├──────────────────────────────┼────────────────┼─────────────────────┼───────────────────┼───────┼───────────────────┼────────────────────────────┤
│ _ResidualBlock_2             │ _ResidualBlock │ - float32[1,6,7,64] │ float32[1,6,7,64] │ 0     │                   │                            │
│                              │                │ - False             │                   │       │                   │                            │
├──────────────────────────────┼────────────────┼─────────────────────┼───────────────────┼───────┼───────────────────┼────────────────────────────┤
│ _ResidualBlock_2/Conv_0      │ Conv           │ float32[1,6,7,64]   │ float32[1,6,7,64] │ 0     │                   │ bias: float32[64]          │
│                              │                │                     │                   │       │                   │ kernel: float32[3,3,64,64] │
│                              │                │                     │                   │       │                   │                            │
│                              │                │                     │                   │       │                   │ 36,928 (147.7 KB)          │
├──────────────────────────────┼────────────────┼─────────────────────┼───────────────────┼───────┼───────────────────┼────────────────────────────┤
│ _ResidualBlock_2/BatchNorm_0 │ BatchNorm      │ float32[1,6,7,64]   │ float32[1,6,7,64] │ 0     │ mean: float32[64] │ bias: float32[64]          │
│                              │                │                     │                   │       │ var: float32[64]  │ scale: float32[64]         │
│                              │                │                     │                   │       │                   │                            │
│                              │                │                     │                   │       │ 128 (512 B)       │ 128 (512 B)                │
├──────────────────────────────┼────────────────┼─────────────────────┼───────────────────┼───────┼───────────────────┼────────────────────────────┤
│ _ResidualBlock_2/Conv_1      │ Conv           │ float32[1,6,7,64]   │ float32[1,6,7,64] │ 0     │                   │ bias: float32[64]          │
│                              │                │                     │                   │       │                   │ kernel: float32[3,3,64,64] │
│                              │                │                     │                   │       │                   │                            │
│                              │                │                     │                   │       │                   │ 36,928 (147.7 KB)          │
├──────────────────────────────┼────────────────┼─────────────────────┼───────────────────┼───────┼───────────────────┼────────────────────────────┤
│ _ResidualBlock_2/BatchNorm_1 │ BatchNorm      │ float32[1,6,7,64]   │ float32[1,6,7,64] │ 0     │ mean: float32[64] │ bias: float32[64]          │
│                              │                │                     │                   │       │ var: float32[64]  │ scale: float32[64]         │
│                              │                │                     │                   │       │                   │                            │
│                              │                │                     │                   │       │ 128 (512 B)       │ 128 (512 B)                │
├──────────────────────────────┼────────────────┼─────────────────────┼───────────────────┼───────┼───────────────────┼────────────────────────────┤
│ _ResidualBlock_3             │ _ResidualBlock │ - float32[1,6,7,64] │ float32[1,6,7,64] │ 0     │                   │                            │
│                              │                │ - False             │                   │       │                   │                            │
├──────────────────────────────┼────────────────┼─────────────────────┼───────────────────┼───────┼───────────────────┼────────────────────────────┤
│ _ResidualBlock_3/Conv_0      │ Conv           │ float32[1,6,7,64]   │ float32[1,6,7,64] │ 0     │                   │ bias: float32[64]          │
│                              │                │                     │                   │       │                   │ kernel: float32[3,3,64,64] │
│                              │                │                     │                   │       │                   │                            │
│                              │                │                     │                   │       │                   │ 36,928 (147.7 KB)          │
├──────────────────────────────┼────────────────┼─────────────────────┼───────────────────┼───────┼───────────────────┼────────────────────────────┤
│ _ResidualBlock_3/BatchNorm_0 │ BatchNorm      │ float32[1,6,7,64]   │ float32[1,6,7,64] │ 0     │ mean: float32[64] │ bias: float32[64]          │
│                              │                │                     │                   │       │ var: float32[64]  │ scale: float32[64]         │
│                              │                │                     │                   │       │                   │                            │
│                              │                │                     │                   │       │ 128 (512 B)       │ 128 (512 B)                │
├──────────────────────────────┼────────────────┼─────────────────────┼───────────────────┼───────┼───────────────────┼────────────────────────────┤
│ _ResidualBlock_3/Conv_1      │ Conv           │ float32[1,6,7,64]   │ float32[1,6,7,64] │ 0     │                   │ bias: float32[64]          │
│                              │                │                     │                   │       │                   │ kernel: float32[3,3,64,64] │
│                              │                │                     │                   │       │                   │                            │
│                              │                │                     │                   │       │                   │ 36,928 (147.7 KB)          │
├──────────────────────────────┼────────────────┼─────────────────────┼───────────────────┼───────┼───────────────────┼────────────────────────────┤
│ _ResidualBlock_3/BatchNorm_1 │ BatchNorm      │ float32[1,6,7,64]   │ float32[1,6,7,64] │ 0     │ mean: float32[64] │ bias: float32[64]          │
│                              │                │                     │                   │       │ var: float32[64]  │ scale: float32[64]         │
│                              │                │                     │                   │       │                   │                            │
│                              │                │                     │                   │       │ 128 (512 B)       │ 128 (512 B)                │
├──────────────────────────────┼────────────────┼─────────────────────┼───────────────────┼───────┼───────────────────┼────────────────────────────┤
│ _ResidualBlock_4             │ _ResidualBlock │ - float32[1,6,7,64] │ float32[1,6,7,64] │ 0     │                   │                            │
│                              │                │ - False             │                   │       │                   │                            │
├──────────────────────────────┼────────────────┼─────────────────────┼───────────────────┼───────┼───────────────────┼────────────────────────────┤
│ _ResidualBlock_4/Conv_0      │ Conv           │ float32[1,6,7,64]   │ float32[1,6,7,64] │ 0     │                   │ bias: float32[64]          │
│                              │                │                     │                   │       │                   │ kernel: float32[3,3,64,64] │
│                              │                │                     │                   │       │                   │                            │
│                              │                │                     │                   │       │                   │ 36,928 (147.7 KB)          │
├──────────────────────────────┼────────────────┼─────────────────────┼───────────────────┼───────┼───────────────────┼────────────────────────────┤
│ _ResidualBlock_4/BatchNorm_0 │ BatchNorm      │ float32[1,6,7,64]   │ float32[1,6,7,64] │ 0     │ mean: float32[64] │ bias: float32[64]          │
│                              │                │                     │                   │       │ var: float32[64]  │ scale: float32[64]         │
│                              │                │                     │                   │       │                   │                            │
│                              │                │                     │                   │       │ 128 (512 B)       │ 128 (512 B)                │
├──────────────────────────────┼────────────────┼─────────────────────┼───────────────────┼───────┼───────────────────┼────────────────────────────┤
│ _ResidualBlock_4/Conv_1      │ Conv           │ float32[1,6,7,64]   │ float32[1,6,7,64] │ 0     │                   │ bias: float32[64]          │
│                              │                │                     │                   │       │                   │ kernel: float32[3,3,64,64] │
│                              │                │                     │                   │       │                   │                            │
│                              │                │                     │                   │       │                   │ 36,928 (147.7 KB)          │
├──────────────────────────────┼────────────────┼─────────────────────┼───────────────────┼───────┼───────────────────┼────────────────────────────┤
│ _ResidualBlock_4/BatchNorm_1 │ BatchNorm      │ float32[1,6,7,64]   │ float32[1,6,7,64] │ 0     │ mean: float32[64] │ bias: float32[64]          │
│                              │                │                     │                   │       │ var: float32[64]  │ scale: float32[64]         │
│                              │                │                     │                   │       │                   │                            │
│                              │                │                     │                   │       │ 128 (512 B)       │ 128 (512 B)                │
├──────────────────────────────┼────────────────┼─────────────────────┼───────────────────┼───────┼───────────────────┼────────────────────────────┤
│ _PolicyHead_0                │ _PolicyHead    │ - float32[1,6,7,64] │ float32[1,7]      │ 0     │                   │                            │
│                              │                │ - False             │                   │       │                   │                            │
├──────────────────────────────┼────────────────┼─────────────────────┼───────────────────┼───────┼───────────────────┼────────────────────────────┤
│ _PolicyHead_0/Conv_0         │ Conv           │ float32[1,6,7,64]   │ float32[1,6,7,64] │ 0     │                   │ bias: float32[64]          │
│                              │                │                     │                   │       │                   │ kernel: float32[1,1,64,64] │
│                              │                │                     │                   │       │                   │                            │
│                              │                │                     │                   │       │                   │ 4,160 (16.6 KB)            │
├──────────────────────────────┼────────────────┼─────────────────────┼───────────────────┼───────┼───────────────────┼────────────────────────────┤
│ _PolicyHead_0/BatchNorm_0    │ BatchNorm      │ float32[1,6,7,64]   │ float32[1,6,7,64] │ 0     │ mean: float32[64] │ bias: float32[64]          │
│                              │                │                     │                   │       │ var: float32[64]  │ scale: float32[64]         │
│                              │                │                     │                   │       │                   │                            │
│                              │                │                     │                   │       │ 128 (512 B)       │ 128 (512 B)                │
├──────────────────────────────┼────────────────┼─────────────────────┼───────────────────┼───────┼───────────────────┼────────────────────────────┤
│ _PolicyHead_0/Dense_0        │ Dense          │ float32[1,2688]     │ float32[1,7]      │ 0     │                   │ bias: float32[7]           │
│                              │                │                     │                   │       │                   │ kernel: float32[2688,7]    │
│                              │                │                     │                   │       │                   │                            │
│                              │                │                     │                   │       │                   │ 18,823 (75.3 KB)           │
├──────────────────────────────┼────────────────┼─────────────────────┼───────────────────┼───────┼───────────────────┼────────────────────────────┤
│ _ValueHead_0                 │ _ValueHead     │ - float32[1,6,7,64] │ float32[1]        │ 0     │                   │                            │
│                              │                │ - False             │                   │       │                   │                            │
├──────────────────────────────┼────────────────┼─────────────────────┼───────────────────┼───────┼───────────────────┼────────────────────────────┤
│ _ValueHead_0/Conv_0          │ Conv           │ float32[1,6,7,64]   │ float32[1,6,7,1]  │ 0     │                   │ bias: float32[1]           │
│                              │                │                     │                   │       │                   │ kernel: float32[1,1,64,1]  │
│                              │                │                     │                   │       │                   │                            │
│                              │                │                     │                   │       │                   │ 65 (260 B)                 │
├──────────────────────────────┼────────────────┼─────────────────────┼───────────────────┼───────┼───────────────────┼────────────────────────────┤
│ _ValueHead_0/BatchNorm_0     │ BatchNorm      │ float32[1,6,7,1]    │ float32[1,6,7,1]  │ 0     │ mean: float32[1]  │ bias: float32[1]           │
│                              │                │                     │                   │       │ var: float32[1]   │ scale: float32[1]          │
│                              │                │                     │                   │       │                   │                            │
│                              │                │                     │                   │       │ 2 (8 B)           │ 2 (8 B)                    │
├──────────────────────────────┼────────────────┼─────────────────────┼───────────────────┼───────┼───────────────────┼────────────────────────────┤
│ _ValueHead_0/Dense_0         │ Dense          │ float32[1,42]       │ float32[1,64]     │ 0     │                   │ bias: float32[64]          │
│                              │                │                     │                   │       │                   │ kernel: float32[42,64]     │
│                              │                │                     │                   │       │                   │                            │
│                              │                │                     │                   │       │                   │ 2,752 (11.0 KB)            │
├──────────────────────────────┼────────────────┼─────────────────────┼───────────────────┼───────┼───────────────────┼────────────────────────────┤
│ _ValueHead_0/BatchNorm_1     │ BatchNorm      │ float32[1,64]       │ float32[1,64]     │ 0     │ mean: float32[64] │ bias: float32[64]          │
│                              │                │                     │                   │       │ var: float32[64]  │ scale: float32[64]         │
│                              │                │                     │                   │       │                   │                            │
│                              │                │                     │                   │       │ 128 (512 B)       │ 128 (512 B)                │
├──────────────────────────────┼────────────────┼─────────────────────┼───────────────────┼───────┼───────────────────┼────────────────────────────┤
│ _ValueHead_0/Dense_1         │ Dense          │ float32[1,64]       │ float32[1,1]      │ 0     │                   │ bias: float32[1]           │
│                              │                │                     │                   │       │                   │ kernel: float32[64,1]      │
│                              │                │                     │                   │       │                   │                            │
│                              │                │                     │                   │       │                   │ 65 (260 B)                 │
├──────────────────────────────┼────────────────┼─────────────────────┼───────────────────┼───────┼───────────────────┼────────────────────────────┤
│                              │                │                     │                   │ Total │ 1,666 (6.7 KB)    │ 398,027 (1.6 MB)           │
└──────────────────────────────┴────────────────┴─────────────────────┴───────────────────┴───────┴───────────────────┴────────────────────────────┘
                                                                                                                                                    
                                                         Total Parameters: 399,693 (1.6 MB)                                                         


2024-07-15 10:09:56,505 [INFO    ] __main__: jax.local_devices(): [cuda(id=0)]
2024-07-15 10:09:56,505 [INFO    ] __main__: selecting devices: [cuda(id=0)]
2024-07-15 10:09:56,505 [INFO    ] __main__: JAX found 1 devices
2024-07-15 10:10:04,218 [INFO    ] __main__: restored training checkpoint at step 25003
2024-07-15 10:10:04,313 [INFO    ] __main__: training has completed!
